<?xml version="1.0" encoding="UTF-8"?>
<testsuite name="ru.otus.bank.service.impl.AgreementServiceImplTest" tests="2" skipped="0" failures="0" errors="0" timestamp="2024-04-22T07:22:20" hostname="DESKTOP-OVKLOR1" time="0.016">
  <properties/>
  <testcase name="testFindByName()" classname="ru.otus.bank.service.impl.AgreementServiceImplTest" time="0.01"/>
  <testcase name="testFindByNameWithCaptor()" classname="ru.otus.bank.service.impl.AgreementServiceImplTest" time="0.004"/>
  <system-out><![CDATA[]]></system-out>
  <system-err><![CDATA[]]></system-err>
</testsuite>
